05-07-21-12:41:55.029 [main] INFO  utilities.BaseClass - Login page opened
05-07-21-12:41:55.253 [main] INFO  utilities.BaseClass - Now details are filling on add customer form
05-07-21-12:41:59.935 [main] INFO  utilities.BaseClass - Details are filled on form
05-07-21-12:42:01.579 [main] INFO  utilities.BaseClass - Details are submitted successfully
05-07-21-12:42:01.613 [main] INFO  utilities.BaseClass - Customer registered successfully
05-07-21-12:42:09.008 [main] INFO  utilities.BaseClass - Logger is working fine
05-07-21-12:42:09.386 [main] INFO  utilities.BaseClass - Logger is working fine again
07-05-21-12:44:49.146 [main] INFO  utilities.BaseClass - Login page opened
07-05-21-12:44:49.368 [main] INFO  utilities.BaseClass - Now details are filling on add customer form
07-05-21-12:44:53.636 [main] INFO  utilities.BaseClass - Details are filled on form
07-05-21-12:44:55.773 [main] INFO  utilities.BaseClass - Details are submitted successfully
07-05-21-12:44:55.811 [main] INFO  utilities.BaseClass - Customer registered successfully
07-05-21-12:45:03.116 [main] INFO  utilities.BaseClass - Logger is working fine
07-05-21-12:45:03.490 [main] INFO  utilities.BaseClass - Logger is working fine again
07-05-21-13:17:32.946 [main] INFO  utilities.BaseClass - Login page opened
07-05-21-13:17:33.204 [main] INFO  utilities.BaseClass - Now details are filling on add customer form
07-05-21-13:17:38.333 [main] INFO  utilities.BaseClass - Details are filled on form
07-05-21-13:17:38.897 [main] INFO  utilities.BaseClass - Details are submitted successfully
07-05-21-13:17:46.475 [main] INFO  utilities.BaseClass - Logger is working fine
07-05-21-13:17:46.921 [main] INFO  utilities.BaseClass - Logger is working fine again
07-05-21-13:23:34.525 [main] INFO  utilities.BaseClass - Login page opened
07-05-21-13:23:34.761 [main] INFO  utilities.BaseClass - Now details are filling on add customer form
07-05-21-13:23:38.997 [main] INFO  utilities.BaseClass - Details are filled on form
07-05-21-13:23:40.630 [main] INFO  utilities.BaseClass - Details are submitted successfully
07-05-21-13:23:40.672 [main] INFO  utilities.BaseClass - Customer registered successfully
07-05-21-13:23:48.435 [main] INFO  utilities.BaseClass - Logger is working fine
07-05-21-13:23:48.811 [main] INFO  utilities.BaseClass - Logger is working fine again
07-05-21-13:27:45.096 [main] INFO  utilities.BaseClass - Login page opened
07-05-21-13:27:45.412 [main] INFO  utilities.BaseClass - Now details are filling on add customer form
07-05-21-13:27:49.980 [main] INFO  utilities.BaseClass - Details are filled on form
07-05-21-13:27:51.360 [main] INFO  utilities.BaseClass - Details are submitted successfully
07-05-21-13:27:51.404 [main] INFO  utilities.BaseClass - Customer registered successfully
07-05-21-13:28:00.741 [main] INFO  utilities.BaseClass - Logger is working fine
07-05-21-13:28:01.514 [main] INFO  utilities.BaseClass - Logger is working fine again
07-05-21-13:29:47.639 [main] INFO  utilities.BaseClass - Login page opened
07-05-21-13:29:47.870 [main] INFO  utilities.BaseClass - Now details are filling on add customer form
07-05-21-13:29:51.852 [main] INFO  utilities.BaseClass - Details are filled on form
07-05-21-13:29:53.596 [main] INFO  utilities.BaseClass - Details are submitted successfully
07-05-21-13:29:53.640 [main] INFO  utilities.BaseClass - Customer registered successfully
07-05-21-13:30:01.054 [main] INFO  utilities.BaseClass - Logger is working fine
07-05-21-13:30:01.427 [main] INFO  utilities.BaseClass - Logger is working fine again
07-05-21-13:31:54.449 [main] INFO  utilities.BaseClass - Login page opened
07-05-21-13:31:54.731 [main] INFO  utilities.BaseClass - Now details are filling on add customer form
07-05-21-13:31:58.953 [main] INFO  utilities.BaseClass - Details are filled on form
07-05-21-13:32:00.675 [main] INFO  utilities.BaseClass - Details are submitted successfully
07-05-21-13:32:00.710 [main] INFO  utilities.BaseClass - Customer registered successfully
07-05-21-13:32:07.867 [main] INFO  utilities.BaseClass - Logger is working fine
07-05-21-13:32:08.296 [main] INFO  utilities.BaseClass - Logger is working fine again
07-05-21-16:34:42.631 [main] INFO  utilities.BaseClass - Logger is working fine
07-05-21-16:34:43.158 [main] INFO  utilities.BaseClass - Logger is working fine again
07-05-21-16:34:54.335 [main] INFO  utilities.BaseClass - Login page opened
07-05-21-16:34:54.579 [main] INFO  utilities.BaseClass - Now details are filling on add customer form
07-05-21-16:34:59.911 [main] INFO  utilities.BaseClass - Details are filled on form
07-05-21-16:35:01.687 [main] INFO  utilities.BaseClass - Details are submitted successfully
07-05-21-16:35:01.728 [main] INFO  utilities.BaseClass - Customer registered successfully
08-05-21-01:25:44.037 [main] INFO  utilities.BaseClass - Login page opened
08-05-21-01:25:44.581 [main] INFO  utilities.BaseClass - Now details are filling on add customer form
